<?xml version="1.0" encoding="UTF-8"?>
<!-- Generated by org.testng.reporters.JUnitReportReporter -->
<testsuite hostname="RAKGOGIN-LAP" failures="0" tests="3" name="com.qa.hubspot.tests.LoginPageTest" time="19.319" errors="0" timestamp="14 Sep 2020 13:10:04 GMT" skipped="0">
  <testcase classname="com.qa.hubspot.tests.LoginPageTest" name="verifySignupLinkTest" time="8.467"/>
  <testcase classname="com.qa.hubspot.tests.LoginPageTest" name="verifyLoginPageTitleTest" time="0.036"/>
  <testcase classname="com.qa.hubspot.tests.LoginPageTest" name="loginTest" time="10.816"/>
</testsuite> <!-- com.qa.hubspot.tests.LoginPageTest -->
